cutadapt 4.1
STAR version 2.7.10a
samtools 1.16.1
Using htslib 1.17
Copyright (C) 2022 Genome Research Ltd.

Samtools compilation details:
    Features:       build=configure curses=yes 
    CC:             /opt/conda/conda-bld/samtools_1678220538350/_build_env/bin/x86_64-conda-linux-gnu-cc
    CPPFLAGS:       -DNDEBUG -D_FORTIFY_SOURCE=2 -O2 -isystem /home/ldelisle/miniconda2/envs/HintermannBoltHawkinsEtAl2025/include
    CFLAGS:         -Wall -march=nocona -mtune=haswell -ftree-vectorize -fPIC -fstack-protector-strong -fno-plt -O2 -ffunction-sections -pipe -isystem /home/ldelisle/miniconda2/envs/HintermannBoltHawkinsEtAl2025/include -fdebug-prefix-map=/opt/conda/conda-bld/samtools_1678220538350/work=/usr/local/src/conda/samtools-1.16.1 -fdebug-prefix-map=/home/ldelisle/miniconda2/envs/HintermannBoltHawkinsEtAl2025=/usr/local/src/conda-prefix
    LDFLAGS:        -Wl,-O2 -Wl,--sort-common -Wl,--as-needed -Wl,-z,relro -Wl,-z,now -Wl,--disable-new-dtags -Wl,--gc-sections -Wl,--allow-shlib-undefined -Wl,-rpath,/home/ldelisle/miniconda2/envs/HintermannBoltHawkinsEtAl2025/lib -Wl,-rpath-link,/home/ldelisle/miniconda2/envs/HintermannBoltHawkinsEtAl2025/lib -L/home/ldelisle/miniconda2/envs/HintermannBoltHawkinsEtAl2025/lib
    HTSDIR:         
    LIBS:           
    CURSES_LIB:     -ltinfow -lncursesw

HTSlib compilation details:
    Features:       build=configure libcurl=yes S3=yes GCS=yes libdeflate=yes lzma=yes bzip2=yes plugins=yes plugin-path=/home/ldelisle/miniconda2/envs/HintermannBoltHawkinsEtAl2025/libexec/htslib htscodecs=1.4.0
    CC:             /opt/conda/conda-bld/htslib_1683813035752/_build_env/bin/x86_64-conda-linux-gnu-cc
    CPPFLAGS:       -DNDEBUG -D_FORTIFY_SOURCE=2 -O2 -isystem /home/ldelisle/miniconda2/envs/HintermannBoltHawkinsEtAl2025/include
    CFLAGS:         -Wall -march=nocona -mtune=haswell -ftree-vectorize -fPIC -fstack-protector-strong -fno-plt -O2 -ffunction-sections -pipe -isystem /home/ldelisle/miniconda2/envs/HintermannBoltHawkinsEtAl2025/include -fdebug-prefix-map=/opt/conda/conda-bld/htslib_1683813035752/work=/usr/local/src/conda/htslib-1.17 -fdebug-prefix-map=/home/ldelisle/miniconda2/envs/HintermannBoltHawkinsEtAl2025=/usr/local/src/conda-prefix -fvisibility=hidden
    LDFLAGS:        -Wl,-O2 -Wl,--sort-common -Wl,--as-needed -Wl,-z,relro -Wl,-z,now -Wl,--disable-new-dtags -Wl,--gc-sections -Wl,--allow-shlib-undefined -Wl,-rpath,/home/ldelisle/miniconda2/envs/HintermannBoltHawkinsEtAl2025/lib -Wl,-rpath-link,/home/ldelisle/miniconda2/envs/HintermannBoltHawkinsEtAl2025/lib -L/home/ldelisle/miniconda2/envs/HintermannBoltHawkinsEtAl2025/lib -fvisibility=hidden -rdynamic

HTSlib URL scheme handlers present:
    built-in:	 preload, data, file
    libcurl:	 imaps, pop3, gophers, http, smb, gopher, sftp, ftps, imap, smtp, smtps, rtsp, scp, ftp, telnet, mqtt, https, smbs, tftp, pop3s, dict
    S3 Multipart Upload:	 s3w, s3w+https, s3w+http
    Amazon S3:	 s3+https, s3+http, s3
    Google Cloud Storage:	 gs+http, gs+https, gs
    crypt4gh-needed:	 crypt4gh
    mem:	 mem
bedtools v2.30.0
bedGraphToBigWig v 4 - Convert a bedGraph file to bigWig format.
usage:
   bedGraphToBigWig in.bedGraph chrom.sizes out.bw
where in.bedGraph is a four column file in the format:
      <chrom> <start> <end> <value>
and chrom.sizes is a two-column file/URL: <chromosome name> <size in bases>
and out.bw is the output indexed big wig file.
If the assembly <db> is hosted by UCSC, chrom.sizes can be a URL like
  http://hgdownload.soe.ucsc.edu/goldenPath/<db>/bigZips/<db>.chrom.sizes
or you may use the script fetchChromSizes to download the chrom.sizes file.
If not hosted by UCSC, a chrom.sizes file can be generated by running
twoBitInfo on the assembly .2bit file.
The input bedGraph file must be sorted, use the unix sort command:
  sort -k1,1 -k2,2n unsorted.bedGraph > sorted.bedGraph
options:
   -blockSize=N - Number of items to bundle in r-tree.  Default 256
   -itemsPerSlot=N - Number of data points bundled at lowest level. Default 1024
   -unc - If set, do not use compression.
/var/spool/slurmd/job12689938/slurm_script: line 138: cufflinks: command not found
cufflinks v2.2.1
linked against Boost version 104700
-----------------------------
Usage:   cufflinks [options] <hits.sam>
General Options:
  -o/--output-dir              write all output files to this directory              [ default:     ./ ]
  -p/--num-threads             number of threads used during analysis                [ default:      1 ]
  --seed                       value of random number generator seed                 [ default:      0 ]
  -G/--GTF                     quantitate against reference transcript annotations                      
  -g/--GTF-guide               use reference transcript annotation to guide assembly                   
  -M/--mask-file               ignore all alignment within transcripts in this file                     
  -b/--frag-bias-correct       use bias correction - reference fasta required        [ default:   NULL ]
  -u/--multi-read-correct      use 'rescue method' for multi-reads (more accurate)   [ default:  FALSE ]
  --library-type               library prep used for input reads                     [ default:  below ]
  --library-norm-method        Method used to normalize library sizes                [ default:  below ]

Advanced Abundance Estimation Options:
  -m/--frag-len-mean           average fragment length (unpaired reads only)         [ default:    200 ]
  -s/--frag-len-std-dev        fragment length std deviation (unpaired reads only)   [ default:     80 ]
  --max-mle-iterations         maximum iterations allowed for MLE calculation        [ default:   5000 ]
  --compatible-hits-norm       count hits compatible with reference RNAs only        [ default:  FALSE ]
  --total-hits-norm            count all hits for normalization                      [ default:  TRUE  ]
  --num-frag-count-draws       Number of fragment generation samples                 [ default:    100 ]
  --num-frag-assign-draws      Number of fragment assignment samples per generation  [ default:     50 ]
  --max-frag-multihits         Maximum number of alignments allowed per fragment     [ default: unlim  ]
  --no-effective-length-correction   No effective length correction                  [ default:  FALSE ]
  --no-length-correction       No length correction                                  [ default:  FALSE ]
  -N/--upper-quartile-norm     Deprecated, use --library-norm-method                 [    DEPRECATED   ]
  --raw-mapped-norm            Deprecated, use --library-norm-method                 [    DEPRECATED   ]

Advanced Assembly Options:
  -L/--label                   assembled transcripts have this ID prefix             [ default:   CUFF ]
  -F/--min-isoform-fraction    suppress transcripts below this abundance level       [ default:   0.10 ]
  -j/--pre-mrna-fraction       suppress intra-intronic transcripts below this level  [ default:   0.15 ]
  -I/--max-intron-length       ignore alignments with gaps longer than this          [ default: 300000 ]
  -a/--junc-alpha              alpha for junction binomial test filter               [ default:  0.001 ]
  -A/--small-anchor-fraction   percent read overhang taken as 'suspiciously small'   [ default:   0.09 ]
  --min-frags-per-transfrag    minimum number of fragments needed for new transfrags [ default:     10 ]
  --overhang-tolerance         number of terminal exon bp to tolerate in introns     [ default:      8 ]
  --max-bundle-length          maximum genomic length allowed for a given bundle     [ default:3500000 ]
  --max-bundle-frags           maximum fragments allowed in a bundle before skipping [ default: 500000 ]
  --min-intron-length          minimum intron size allowed in genome                 [ default:     50 ]
  --trim-3-avgcov-thresh       minimum avg coverage required to attempt 3' trimming  [ default:     10 ]
  --trim-3-dropoff-frac        fraction of avg coverage below which to trim 3' end   [ default:    0.1 ]
  --max-multiread-fraction     maximum fraction of allowed multireads per transcript [ default:   0.75 ]
  --overlap-radius             maximum gap size to fill between transfrags (in bp)   [ default:     50 ]

Advanced Reference Annotation Guided Assembly Options:
  --no-faux-reads              disable tiling by faux reads                          [ default:  FALSE ]
  --3-overhang-tolerance       overhang allowed on 3' end when merging with reference[ default:    600 ]
  --intron-overhang-tolerance  overhang allowed inside reference intron when merging [ default:     30 ]

Advanced Program Behavior Options:
  -v/--verbose                 log-friendly verbose processing (no progress bar)     [ default:  FALSE ]
  -q/--quiet                   log-friendly quiet processing (no progress bar)       [ default:  FALSE ]
  --no-update-check            do not contact server to check for update availability[ default:  FALSE ]

Supported library types:
	ff-firststrand
	ff-secondstrand
	ff-unstranded
	fr-firststrand
	fr-secondstrand
	fr-unstranded (default)
	transfrags

Supported library normalization methods:
	classic-fpkm
RNAseq_mm_E18_inv_FUGS_rep1
	STAR --runThreadN 16 --genomeDir /scratch/ldelisle/HintermannBoltHawkinsEtAl/genomes//STARIndex_2.7.10a/mm39 --readFilesIn RNAseq_mm_E18_inv_FUGS_rep1-cutadapt.fastq.gz --readFilesCommand zcat --outSAMtype BAM SortedByCoordinate --sjdbOverhang 99 --sjdbGTFfile /scratch/ldelisle/HintermannBoltHawkinsEtAl/genomes//mergeOverlapGenesOfFilteredTranscriptsOfMus_musculus.GRCm39.108_ExonsCDSOnly_UCSC.gtf --quantMode GeneCounts --outFilterType BySJout --outFilterMultimapNmax 20 --outFilterMismatchNmax 999 --outFilterMismatchNoverReadLmax 0.04 --alignIntronMin 20 --alignIntronMax 1000000 --alignMatesGapMax 1000000 --alignSJoverhangMin 8 --alignSJDBoverhangMin 1
	STAR version: 2.7.10a   compiled: 2022-01-14T18:50:00-05:00 :/home/dobin/data/STAR/STARcode/STAR.master/source
Dec 07 00:28:25 ..... started STAR run
Dec 07 00:28:25 ..... loading genome
Dec 07 00:28:39 ..... processing annotations GTF
Dec 07 00:28:44 ..... inserting junctions into the genome indices
Dec 07 00:30:40 ..... started mapping
Dec 07 00:31:35 ..... finished mapping
Dec 07 00:31:35 ..... started sorting BAM
Dec 07 00:31:55 ..... finished successfully
Launching cufflinks
Compute uniquely aligned
write htseqCount
Building uniq reads bedGraph
Building uniq fwd reads bedGraph
Building uniq rev reads bedGraph
Everything is done
